epoch     train_loss  valid_loss  mse_loss  ssim      psnr      time    
0         0.151748    0.144664    0.034648  0.679539  14.605309 19:52     
epoch     train_loss  valid_loss  mse_loss  ssim      psnr      time    
0         0.148708    0.141205    0.033209  0.688358  14.789593 20:17     
epoch     train_loss  valid_loss  mse_loss  ssim      psnr      time    
0         0.168981    0.160521    0.042493  0.480378  13.729406 24:31     
1         0.170035    0.158908    0.041996  0.494124  13.780643 24:33     
2         0.167515    0.157269    0.041148  0.499076  13.869572 24:28     
epoch     train_loss  valid_loss  mse_loss  ssim      psnr      time    
0         0.168958    0.157503    0.041291  0.500858  13.854183 26:13     
1         0.168150    0.157581    0.041263  0.496862  13.857453 26:21     
2         0.165611    0.156621    0.040844  0.500077  13.901757 26:27     
epoch     train_loss  valid_loss  mse_loss  ssim      psnr      time    
0         0.179131    0.178392    0.052623  0.300400  12.811957 1:37:38   
1         0.178735    0.178466    0.052719  0.286500  12.804750 1:37:22   
2         0.175495    0.177508    0.052213  0.291507  12.846777 1:37:23   
epoch     train_loss  valid_loss  mse_loss  ssim      psnr      time    
0         0.178247    0.177275    0.052020  0.295113  12.862498 1:42:55   
1         0.179339    0.177262    0.051999  0.292405  12.864434 1:44:50   
2         0.177397    0.177010    0.051918  0.294488  12.871218 1:43:27   
